[[33mWarning [0m] Refusing to inline recursive function 'listWebElementToWebTree'!
[[33mWarning [0m] The Z3 native interface is not available, falling back to smt-cvc4.
[[34m  Info  [0m] ======================= Synthesizing 'bool_always_true' =======================
[[34m  Info  [0m] [One-point on out = T$0] ⟦ α p, q
[[34m  Info  [0m]                            Π ↓bool_always_true(p, q) && true
[[34m  Info  [0m]                            φ out == T
[[34m  Info  [0m]                            x out
[[34m  Info  [0m]                          ⟧ /4,0/
[[34m  Info  [0m] [One-point on out = T$0] Decomposed into:
[[34m  Info  [0m] [One-point on out = T$0] - ⟦ α p, q
[[34m  Info  [0m]                              Π ↓bool_always_true(p, q) && true
[[34m  Info  [0m]                              φ true
[[34m  Info  [0m]                              x ()
[[34m  Info  [0m]                            ⟧ /4,0/
[[34m  Info  [0m] [Solve: ⟨ true |  () ⟩] ⟦ α p, q
[[34m  Info  [0m]                           Π ↓bool_always_true(p, q) && true
[[34m  Info  [0m]                           φ true
[[34m  Info  [0m]                           x ()
[[34m  Info  [0m]                         ⟧ /4,0/
[[34m  Info  [0m] [Solve: ⟨ true |  () ⟩] Solved  with:  ⟨ true |  () ⟩
[[34m  Info  [0m] 
[[34m  Info  [0m] Finished in 42ms
[[34m  Info  [0m] =============================== bool_always_true ===============================
[[34m  Info  [0m] def bool_always_true(p : Boolean, q : Boolean): Boolean =  {
[[34m  Info  [0m]   T
[[34m  Info  [0m] } ensuring {
[[34m  Info  [0m]   (out : Boolean) => out == T
[[34m  Info  [0m] }
[[34m  Info  [0m] 