fix (f : list * list -> list) =
  fun (x:list * list) ->
    match x . 0 with
      | Nil _ -> x . 0
      | Cons _ -> (match Un_Cons (x . 0) . 1 with
                     | Nil _ -> x . 0
                     | Cons _ -> Cons (Un_Cons (Un_Cons (x . 0) . 1) . 0,
                                        Cons (Un_Cons (x . 0) . 0, x . 1)))
;
0.0096680000000000134
;
0.00099599999999999689
;
0.0097540000000001653
;
0.00034999999999998921
;
0.010192999999999976
;
0.0012240000000000029
;
0.16289700000000004
;
0.0097949999999999947
;
0.
;
0.
;
0