fix (f : list -> bool) =
  fun (x:list) ->
    match x with
      | Nil _ -> True
      | Cons _ -> (match Un_Cons x . 0 with
                     | True _ -> (match f (Un_Cons x . 1) with
                                    | True _ -> False
                                    | False _ -> Un_Cons x . 0)
                     | False _ -> f (Un_Cons x . 1))
;
0.0059450000000000058
;
0.0026520000000000016
;
0.011374999999999993
;
0.001570999999999996
;
0.0043190000000000069
;
0.0019000000000000059
;
0.007361999999999997
;
0.0018430000000000009
;
0.
;
0.
;
0