fix (f : tree * nat -> tree) =
  fun (x:tree * nat) ->
    match x . 0 with
      | Leaf _ -> Node (x . 0, x . 1, x . 0)
      | Node _ -> (match comp_nat (Un_Node (x . 0) . 1) (x . 1) with
                     | CEq _ -> x . 0
                     | CGt _ -> Node (f (Un_Node (x . 0) . 0, x . 1),
                                       Un_Node (x . 0) . 1,
                                       Un_Node (x . 0) . 2)
                     | CLt _ -> Node (Un_Node (x . 0) . 0,
                                       Un_Node (x . 0) . 1,
                                       f (Un_Node (x . 0) . 2, x . 1)))
;
0.79297200000000012
;
0.43999999999999995
;
1.2013220000000002
;
0.17869400000000013
;
0.62271199999999993
;
0.34592599999999996
;
0.44215
;
0.164848
;
0.
;
0.
;
0