fix (f : (nat -> bool) * list -> list) =
  fun (x:(nat -> bool) * list) ->
    match x . 1 with
      | Nil _ -> x . 1
      | Cons _ -> (match x . 0 (Un_Cons (x . 1) . 0) with
                     | True _ -> Cons (Un_Cons (x . 1) . 0,
                                        f (x . 0, Un_Cons (x . 1) . 1))
                     | False _ -> Nil)
;
0.050544000000000006
;
0.010728999999999989
;
0.023111000000000007
;
0.0042989999999999973
;
0.024055999999999987
;
0.0048220000000000207
;
0.09613199999999994
;
0.0046780000000000016
;
0.
;
0.
;
0
;
0.
;
0.