fix (f : list * nat -> list) =
  fun (x:list * nat) ->
    match x . 0 with
      | Nil _ -> Cons (x . 1, x . 0)
      | Cons _ -> (match compare (x . 1) (Un_Cons (x . 0) . 0) with
                     | LT _ -> Cons (x . 1, x . 0)
                     | EQ _ -> x . 0
                     | GT _ -> Cons (Un_Cons (x . 0) . 0,
                                      f (Un_Cons (x . 0) . 1, x . 1)))
;
0.14840600000000015
;
0.042872999999999939
;
0.053278000000000561
;
0.010403000000000051
;
0.081569999999999934
;
0.0211849999999999
;
0.57557000000000025
;
0.031078999999999968
;
0.
;
0.
;
0
;
0.
;
0.