fix (f : tree * nat -> nat) =
  fun (x:tree * nat) ->
    match x . 0 with
      | Leaf _ -> 0
      | Node _ -> (match x . 1 with
                     | O _ -> S (x . 1)
                     | S _ -> sum (f (Un_Node (x . 0) . 0, Un_S (x . 1)))
                                (f (Un_Node (x . 0) . 2, Un_S (x . 1))))
;
18.450896
;
10.850144999999998
;
7.3129409999999995
;
3.6084059999999987
;
10.404645000000004
;
4.9805400000000013
;
0.19511100000000159
;
0.0709319999999991
;
0.
;
0.
;
0
;
0.
;
0.